12-Oct-24 21:57:01 - Found 1 expiring memberships
12-Oct-24 21:57:04 - Task completed. Sent 1 notifications.
12-Oct-24 21:58:01 - Found 1 expiring memberships
12-Oct-24 21:58:04 - Task completed. Sent 1 notifications.
13-Oct-24 08:35:02 - Found 0 expiring memberships
13-Oct-24 08:35:02 - Task completed. Sent 0 notifications.
13-Oct-24 14:10:21 - Found 1 expiring memberships
13-Oct-24 14:10:24 - Task completed. Sent 1 notifications.
14-Oct-24 08:33:02 - Found 1 expiring memberships
14-Oct-24 08:33:05 - Task completed. Sent 1 notifications.
14-Oct-24 08:50:06 - Found 1 expiring memberships
14-Oct-24 08:50:09 - Task completed. Sent 1 notifications.
14-Oct-24 08:56:58 - Found 1 expiring memberships
14-Oct-24 08:57:01 - Found 1 expiring memberships
14-Oct-24 08:57:01 - Task completed. Sent 1 notifications.
14-Oct-24 08:57:04 - Task completed. Sent 1 notifications.
14-Oct-24 08:58:01 - Found 1 expiring memberships
14-Oct-24 08:58:03 - Task completed. Sent 1 notifications.
14-Oct-24 08:59:02 - Found 1 expiring memberships
14-Oct-24 08:59:04 - Task completed. Sent 1 notifications.
15-Oct-24 10:00:01 - Found 1 expiring memberships
15-Oct-24 10:00:05 - Task completed. Sent 1 notifications.
10-Nov-24 17:33:39 - Found 0 expiring memberships
10-Nov-24 17:33:39 - Task completed. Sent 0 notifications.
10-Nov-24 17:41:38 - Found 0 memberships expiring in 30 days
10-Nov-24 17:41:38 - Task completed. Sent 0 notifications for memberships expiring in 30 days.
10-Nov-24 17:41:38 - Found 0 memberships expiring in 15 days
10-Nov-24 17:41:38 - Task completed. Sent 0 notifications for memberships expiring in 15 days.
10-Nov-24 17:41:38 - Found 0 memberships expiring in 1 days
10-Nov-24 17:41:38 - Task completed. Sent 0 notifications for memberships expiring in 1 days.
10-Nov-24 17:46:15 - Found 0 expiring memberships
10-Nov-24 17:46:15 - Task completed. Sent 0 notifications.
10-Nov-24 17:47:02 - Found 0 expiring memberships
10-Nov-24 17:47:02 - Task completed. Sent 0 notifications.
10-Nov-24 17:48:22 - Found 0 expiring memberships
10-Nov-24 17:48:22 - Task completed. Sent 0 notifications.
10-Nov-24 17:48:31 - Found 0 expiring memberships
10-Nov-24 17:48:31 - Task completed. Sent 0 notifications.
10-Nov-24 17:52:52 - Found 0 expiring memberships
10-Nov-24 17:52:52 - Task completed. Sent 0 notifications.
10-Nov-24 17:53:12 - Found 0 expiring memberships
10-Nov-24 17:53:12 - Task completed. Sent 0 notifications.
10-Nov-24 18:00:10 - Found 0 expiring memberships
10-Nov-24 18:00:10 - Task completed. Sent 0 notifications.
10-Nov-24 18:00:31 - Found 1 expiring memberships
10-Nov-24 18:00:34 - Task completed. Sent 1 notifications.
10-Nov-24 18:03:39 - Found 1 expiring memberships
10-Nov-24 18:04:07 - Found 1 expiring memberships
10-Nov-24 18:04:10 - Task completed. Sent 1 notifications.
10-Nov-24 18:04:52 - Found 1 expiring memberships
10-Nov-24 18:04:55 - Task completed. Sent 1 notifications.
10-Nov-24 18:05:37 - Found 1 expiring memberships
10-Nov-24 18:05:41 - Task completed. Sent 1 notifications.
10-Nov-24 18:08:29 - Found 1 expiring memberships
10-Nov-24 18:08:33 - Task completed. Sent 1 notifications.
10-Nov-24 18:29:50 - Found 6 expiring memberships
10-Nov-24 18:30:09 - Task completed. Sent 6 notifications.
10-Nov-24 18:30:18 - Found 1 expiring memberships
10-Nov-24 18:30:21 - Task completed. Sent 1 notifications.
10-Nov-24 18:33:43 - Found 2 expiring memberships
10-Nov-24 18:33:49 - Task completed. Sent 2 notifications.
11-Nov-24 14:46:51 - Found 1 closing election/s
11-Nov-24 14:47:02 - Found 0 closing election/s
11-Nov-24 14:47:26 - Found 0 closing election/s
11-Nov-24 14:47:26 - Task completed. Closed 0.
11-Nov-24 14:48:33 - Found 1 closing election/s
11-Nov-24 14:48:33 - Task completed. Closed 1 election/s.
11-Nov-24 15:17:33 - Found 0 closing election/s
11-Nov-24 15:17:33 - Task completed. Closed 0 election/s.
11-Nov-24 23:32:30 - Found 0 closing election/s
11-Nov-24 23:32:30 - Task completed. Closed 0 election/s.
11-Nov-24 23:32:47 - Found 0 closing election/s
11-Nov-24 23:32:47 - Task completed. Closed 0 election/s.
11-Nov-24 23:56:04 - Found 0 closing election/s
11-Nov-24 23:56:04 - Task completed. Closed 0 election/s.
12-Nov-24 00:15:40 - Found 0 expiring memberships
12-Nov-24 00:15:40 - Task completed. Sent 0 notifications.
12-Nov-24 00:16:13 - Found 1 expiring memberships
12-Nov-24 00:16:17 - Task completed. Sent 1 notifications.
11-Nov-24 16:26:31 - Found 1 expiring memberships
11-Nov-24 16:26:34 - Task completed. Sent 1 notifications.
11-Nov-24 17:12:27 - Found 0 closing election/s
11-Nov-24 17:12:27 - Task completed. Closed 0 election/s.
11-Nov-24 17:43:34 - Found 0 closing election/s
11-Nov-24 17:43:34 - Task completed. Closed 0 election/s.
11-Nov-24 17:44:02 - Found 0 closing election/s
11-Nov-24 17:44:02 - Task completed. Closed 0 election/s.
11-Nov-24 18:14:42 - Found 1 expiring memberships
11-Nov-24 18:14:45 - Task completed. Sent 1 notifications.
11-Nov-24 18:14:46 - Found 0 closing election/s
11-Nov-24 18:14:46 - Task completed. Closed 0 election/s.
11-Nov-24 18:35:21 - Found 1 expiring memberships
11-Nov-24 18:35:24 - Task completed. Sent 1 notifications.
12-Nov-24 02:39:02 - Found 0 closing election/s
12-Nov-24 02:39:02 - Task completed. Closed 0 election/s.
12-Nov-24 02:40:02 - Found 0 closing election/s
12-Nov-24 02:40:02 - Task completed. Closed 0 election/s.
12-Nov-24 02:41:01 - Found 0 closing election/s
12-Nov-24 02:41:01 - Task completed. Closed 0 election/s.
12-Nov-24 02:42:01 - Found 0 closing election/s
12-Nov-24 02:42:01 - Task completed. Closed 0 election/s.
12-Nov-24 02:43:01 - Found 0 closing election/s
12-Nov-24 02:43:01 - Task completed. Closed 0 election/s.
12-Nov-24 02:44:01 - Found 0 closing election/s
12-Nov-24 02:44:01 - Task completed. Closed 0 election/s.
12-Nov-24 02:45:02 - Found 0 closing election/s
12-Nov-24 02:45:02 - Task completed. Closed 0 election/s.
12-Nov-24 02:46:01 - Found 0 closing election/s
12-Nov-24 02:46:01 - Task completed. Closed 0 election/s.
12-Nov-24 02:47:02 - Found 0 closing election/s
12-Nov-24 02:47:02 - Task completed. Closed 0 election/s.
12-Nov-24 02:48:01 - Found 0 closing election/s
12-Nov-24 02:48:01 - Task completed. Closed 0 election/s.
12-Nov-24 02:50:01 - Found 0 closing election/s
12-Nov-24 02:50:01 - Task completed. Closed 0 election/s.
12-Nov-24 02:54:02 - Found 0 closing election/s
12-Nov-24 02:54:02 - Task completed. Closed 0 election/s.
12-Nov-24 02:54:02 - Found 1 expiring memberships
12-Nov-24 02:54:06 - Task completed. Sent 1 notifications.
12-Nov-24 16:00:02 - Found 0 closing election/s
12-Nov-24 16:00:02 - Task completed. Closed 0 election/s.
12-Nov-24 16:00:02 - Found 0 expiring memberships
12-Nov-24 16:00:02 - Task completed. Sent 0 notifications.
13-Nov-24 16:00:05 - Found 0 expiring memberships
13-Nov-24 16:00:05 - Task completed. Sent 0 notifications.
13-Nov-24 16:00:05 - Found 0 closing election/s
13-Nov-24 16:00:05 - Task completed. Closed 0 election/s.
14-Nov-24 16:00:06 - Found 1 closing election/s
14-Nov-24 16:00:06 - Found 2 expiring memberships
14-Nov-24 16:00:06 - Task completed. Closed 1 election/s.
14-Nov-24 16:00:16 - Task completed. Sent 2 notifications.
15-Nov-24 16:00:06 - Found 0 closing election/s
15-Nov-24 16:00:06 - Task completed. Closed 0 election/s.
15-Nov-24 16:00:06 - Found 1 expiring memberships
15-Nov-24 16:00:10 - Task completed. Sent 1 notifications.
16-Nov-24 16:00:04 - Found 0 closing election/s
16-Nov-24 16:00:04 - Task completed. Closed 0 election/s.
16-Nov-24 16:00:04 - Found 0 expiring memberships
16-Nov-24 16:00:04 - Task completed. Sent 0 notifications.
17-Nov-24 16:00:05 - Found 0 closing election/s
17-Nov-24 16:00:05 - Found 0 expiring memberships
17-Nov-24 16:00:05 - Task completed. Sent 0 notifications.
17-Nov-24 16:00:05 - Task completed. Closed 0 election/s.
18-Nov-24 16:00:03 - Found 0 closing election/s
18-Nov-24 16:00:03 - Task completed. Closed 0 election/s.
18-Nov-24 16:00:03 - Found 0 expiring memberships
18-Nov-24 16:00:03 - Task completed. Sent 0 notifications.
19-Nov-24 16:00:04 - Found 0 closing election/s
19-Nov-24 16:00:04 - Found 0 expiring memberships
19-Nov-24 16:00:04 - Task completed. Sent 0 notifications.
19-Nov-24 16:00:04 - Task completed. Closed 0 election/s.
20-Nov-24 16:00:07 - Found 0 closing election/s
20-Nov-24 16:00:07 - Found 0 expiring memberships
20-Nov-24 16:00:07 - Task completed. Sent 0 notifications.
20-Nov-24 16:00:07 - Task completed. Closed 0 election/s.
21-Nov-24 16:00:06 - Found 0 closing election/s
21-Nov-24 16:00:06 - Task completed. Closed 0 election/s.
21-Nov-24 16:00:06 - Found 0 expiring memberships
21-Nov-24 16:00:06 - Task completed. Sent 0 notifications.
22-Nov-24 16:00:06 - Found 0 closing election/s
22-Nov-24 16:00:06 - Found 0 expiring memberships
22-Nov-24 16:00:06 - Task completed. Closed 0 election/s.
22-Nov-24 16:00:06 - Task completed. Sent 0 notifications.
23-Nov-24 16:00:04 - Found 0 closing election/s
23-Nov-24 16:00:04 - Found 0 expiring memberships
23-Nov-24 16:00:04 - Task completed. Sent 0 notifications.
23-Nov-24 16:00:04 - Task completed. Closed 0 election/s.
24-Nov-24 16:00:05 - Found 0 closing election/s
24-Nov-24 16:00:05 - Task completed. Closed 0 election/s.
24-Nov-24 16:00:05 - Found 0 expiring memberships
24-Nov-24 16:00:06 - Task completed. Sent 0 notifications.
25-Nov-24 16:00:04 - Found 0 closing election/s
25-Nov-24 16:00:04 - Found 0 expiring memberships
25-Nov-24 16:00:04 - Task completed. Sent 0 notifications.
25-Nov-24 16:00:04 - Task completed. Closed 0 election/s.
26-Nov-24 16:00:05 - Found 0 closing election/s
26-Nov-24 16:00:05 - Found 0 expiring memberships
26-Nov-24 16:00:05 - Task completed. Closed 0 election/s.
26-Nov-24 16:00:05 - Task completed. Sent 0 notifications.
27-Nov-24 16:00:05 - Found 0 closing election/s
27-Nov-24 16:00:05 - Task completed. Closed 0 election/s.
27-Nov-24 16:00:05 - Found 2 expiring memberships
27-Nov-24 16:00:13 - Task completed. Sent 2 notifications.
28-Nov-24 16:00:03 - Found 0 closing election/s
28-Nov-24 16:00:03 - Found 0 expiring memberships
28-Nov-24 16:00:03 - Task completed. Sent 0 notifications.
28-Nov-24 16:00:03 - Task completed. Closed 0 election/s.
29-Nov-24 16:00:03 - Found 0 closing election/s
29-Nov-24 16:00:03 - Task completed. Closed 0 election/s.
29-Nov-24 16:00:03 - Found 3 expiring memberships
29-Nov-24 16:00:14 - Task completed. Sent 3 notifications.
30-Nov-24 16:00:05 - Found 0 closing election/s
30-Nov-24 16:00:05 - Task completed. Closed 0 election/s.
30-Nov-24 16:00:05 - Found 2 expiring memberships
30-Nov-24 16:00:14 - Task completed. Sent 2 notifications.
01-Dec-24 16:00:04 - Found 0 closing election/s
01-Dec-24 16:00:04 - Found 0 expiring memberships
01-Dec-24 16:00:04 - Task completed. Sent 0 notifications.
01-Dec-24 16:00:04 - Task completed. Closed 0 election/s.
02-Dec-24 16:00:04 - Found 0 closing election/s
02-Dec-24 16:00:04 - Task completed. Closed 0 election/s.
02-Dec-24 16:00:04 - Found 0 expiring memberships
02-Dec-24 16:00:04 - Task completed. Sent 0 notifications.
03-Dec-24 16:00:03 - Found 0 closing election/s
03-Dec-24 16:00:03 - Found 1 expiring memberships
03-Dec-24 16:00:03 - Task completed. Closed 0 election/s.
03-Dec-24 16:00:07 - Task completed. Sent 1 notifications.
04-Dec-24 16:00:04 - Found 0 closing election/s
04-Dec-24 16:00:04 - Task completed. Closed 0 election/s.
04-Dec-24 16:00:05 - Found 1 expiring memberships
04-Dec-24 16:00:09 - Task completed. Sent 1 notifications.
05-Dec-24 16:00:07 - Found 0 closing election/s
05-Dec-24 16:00:07 - Task completed. Closed 0 election/s.
05-Dec-24 16:00:07 - Found 2 expiring memberships
05-Dec-24 16:00:14 - Task completed. Sent 2 notifications.
06-Dec-24 16:00:04 - Found 0 closing election/s
06-Dec-24 16:00:04 - Task completed. Closed 0 election/s.
06-Dec-24 16:00:04 - Found 0 expiring memberships
06-Dec-24 16:00:04 - Task completed. Sent 0 notifications.
07-Dec-24 16:00:04 - Found 0 closing election/s
07-Dec-24 16:00:04 - Task completed. Closed 0 election/s.
07-Dec-24 16:00:04 - Found 2 expiring memberships
07-Dec-24 16:00:12 - Task completed. Sent 2 notifications.
08-Dec-24 16:00:05 - Found 0 closing election/s
08-Dec-24 16:00:05 - Task completed. Closed 0 election/s.
08-Dec-24 16:00:05 - Found 1 expiring memberships
08-Dec-24 16:00:10 - Task completed. Sent 1 notifications.
09-Dec-24 16:00:07 - Found 0 closing election/s
09-Dec-24 16:00:07 - Task completed. Closed 0 election/s.
09-Dec-24 16:00:07 - Found 0 expiring memberships
09-Dec-24 16:00:07 - Task completed. Sent 0 notifications.
10-Dec-24 16:00:04 - Found 0 expiring memberships
10-Dec-24 16:00:04 - Task completed. Sent 0 notifications.
10-Dec-24 16:00:04 - Found 0 closing election/s
10-Dec-24 16:00:04 - Task completed. Closed 0 election/s.
11-Dec-24 16:00:06 - Found 0 closing election/s
11-Dec-24 16:00:06 - Task completed. Closed 0 election/s.
11-Dec-24 16:00:06 - Found 1 expiring memberships
11-Dec-24 16:00:10 - Task completed. Sent 1 notifications.
12-Dec-24 16:00:04 - Found 0 closing election/s
12-Dec-24 16:00:04 - Task completed. Closed 0 election/s.
12-Dec-24 16:00:04 - Found 3 expiring memberships
12-Dec-24 16:00:16 - Task completed. Sent 3 notifications.
13-Dec-24 16:00:06 - Found 0 closing election/s
13-Dec-24 16:00:06 - Task completed. Closed 0 election/s.
13-Dec-24 16:00:06 - Found 2 expiring memberships
13-Dec-24 16:00:14 - Task completed. Sent 2 notifications.
14-Dec-24 16:00:06 - Found 0 closing election/s
14-Dec-24 16:00:06 - Task completed. Closed 0 election/s.
14-Dec-24 16:00:06 - Found 2 expiring memberships
14-Dec-24 16:00:15 - Task completed. Sent 2 notifications.
15-Dec-24 16:00:05 - Found 0 closing election/s
15-Dec-24 16:00:05 - Task completed. Closed 0 election/s.
15-Dec-24 16:00:05 - Found 1 expiring memberships
15-Dec-24 16:00:09 - Task completed. Sent 1 notifications.
16-Dec-24 16:00:04 - Found 0 closing election/s
16-Dec-24 16:00:04 - Task completed. Closed 0 election/s.
16-Dec-24 16:00:04 - Found 0 expiring memberships
16-Dec-24 16:00:04 - Task completed. Sent 0 notifications.
17-Dec-24 16:00:04 - Found 0 closing election/s
17-Dec-24 16:00:04 - Task completed. Closed 0 election/s.
17-Dec-24 16:00:04 - Found 1 expiring memberships
17-Dec-24 16:00:08 - Task completed. Sent 1 notifications.
18-Dec-24 16:00:04 - Found 0 closing election/s
18-Dec-24 16:00:04 - Task completed. Closed 0 election/s.
18-Dec-24 16:00:04 - Found 2 expiring memberships
18-Dec-24 16:00:12 - Task completed. Sent 2 notifications.
19-Dec-24 16:00:10 - Found 0 closing election/s
19-Dec-24 16:00:10 - Task completed. Closed 0 election/s.
19-Dec-24 16:00:10 - Found 2 expiring memberships
19-Dec-24 16:00:18 - Task completed. Sent 2 notifications.
20-Dec-24 16:00:03 - Found 1 closing election/s
20-Dec-24 16:00:03 - Found 0 expiring memberships
20-Dec-24 16:00:03 - Task completed. Sent 0 notifications.
20-Dec-24 16:00:03 - Task completed. Closed 1 election/s.
21-Dec-24 16:00:04 - Found 0 closing election/s
21-Dec-24 16:00:04 - Task completed. Closed 0 election/s.
21-Dec-24 16:00:04 - Found 2 expiring memberships
21-Dec-24 16:00:12 - Task completed. Sent 2 notifications.
22-Dec-24 16:00:05 - Found 0 closing election/s
22-Dec-24 16:00:05 - Task completed. Closed 0 election/s.
22-Dec-24 16:00:05 - Found 0 expiring memberships
22-Dec-24 16:00:05 - Task completed. Sent 0 notifications.
23-Dec-24 16:00:05 - Found 0 closing election/s
23-Dec-24 16:00:05 - Task completed. Closed 0 election/s.
23-Dec-24 16:00:05 - Found 1 expiring memberships
23-Dec-24 16:00:09 - Task completed. Sent 1 notifications.
24-Dec-24 16:00:03 - Found 0 closing election/s
24-Dec-24 16:00:03 - Task completed. Closed 0 election/s.
24-Dec-24 16:00:03 - Found 0 expiring memberships
24-Dec-24 16:00:03 - Task completed. Sent 0 notifications.
25-Dec-24 16:00:04 - Found 0 closing election/s
25-Dec-24 16:00:04 - Task completed. Closed 0 election/s.
25-Dec-24 16:00:04 - Found 1 expiring memberships
25-Dec-24 16:00:08 - Task completed. Sent 1 notifications.
26-Dec-24 16:00:03 - Found 0 closing election/s
26-Dec-24 16:00:03 - Task completed. Closed 0 election/s.
26-Dec-24 16:00:03 - Found 2 expiring memberships
26-Dec-24 16:00:12 - Task completed. Sent 2 notifications.
27-Dec-24 16:00:05 - Found 0 closing election/s
27-Dec-24 16:00:05 - Task completed. Closed 0 election/s.
27-Dec-24 16:00:05 - Found 1 expiring memberships
27-Dec-24 16:00:10 - Task completed. Sent 1 notifications.
28-Dec-24 16:00:06 - Found 0 closing election/s
28-Dec-24 16:00:06 - Task completed. Closed 0 election/s.
28-Dec-24 16:00:06 - Found 3 expiring memberships
28-Dec-24 16:00:18 - Task completed. Sent 3 notifications.
29-Dec-24 16:00:05 - Found 0 closing election/s
29-Dec-24 16:00:05 - Task completed. Closed 0 election/s.
29-Dec-24 16:00:05 - Found 2 expiring memberships
29-Dec-24 16:00:12 - Task completed. Sent 2 notifications.
30-Dec-24 16:00:06 - Found 0 closing election/s
30-Dec-24 16:00:06 - Task completed. Closed 0 election/s.
30-Dec-24 16:00:06 - Found 0 expiring memberships
30-Dec-24 16:00:06 - Task completed. Sent 0 notifications.
31-Dec-24 16:00:05 - Found 0 closing election/s
31-Dec-24 16:00:05 - Task completed. Closed 0 election/s.
31-Dec-24 16:00:05 - Found 1 expiring memberships
31-Dec-24 16:00:10 - Task completed. Sent 1 notifications.
01-Jan-25 16:00:05 - Found 0 closing election/s
01-Jan-25 16:00:05 - Task completed. Closed 0 election/s.
01-Jan-25 16:00:05 - Found 3 expiring memberships
01-Jan-25 16:00:16 - Task completed. Sent 3 notifications.
02-Jan-25 16:00:05 - Found 0 closing election/s
02-Jan-25 16:00:05 - Task completed. Closed 0 election/s.
02-Jan-25 16:00:05 - Found 1 expiring memberships
02-Jan-25 16:00:09 - Task completed. Sent 1 notifications.
03-Jan-25 16:00:04 - Found 0 closing election/s
03-Jan-25 16:00:04 - Task completed. Closed 0 election/s.
03-Jan-25 16:00:04 - Found 1 expiring memberships
03-Jan-25 16:00:08 - Task completed. Sent 1 notifications.
04-Jan-25 16:00:07 - Found 0 closing election/s
04-Jan-25 16:00:07 - Task completed. Closed 0 election/s.
04-Jan-25 16:00:07 - Found 1 expiring memberships
04-Jan-25 16:00:12 - Task completed. Sent 1 notifications.
05-Jan-25 16:00:05 - Found 0 closing election/s
05-Jan-25 16:00:05 - Task completed. Closed 0 election/s.
05-Jan-25 16:00:05 - Found 1 expiring memberships
05-Jan-25 16:00:09 - Task completed. Sent 1 notifications.
06-Jan-25 16:00:03 - Found 0 closing election/s
06-Jan-25 16:00:04 - Task completed. Closed 0 election/s.
06-Jan-25 16:00:04 - Found 1 expiring memberships
06-Jan-25 16:00:08 - Task completed. Sent 1 notifications.
07-Jan-25 16:00:06 - Found 0 closing election/s
07-Jan-25 16:00:06 - Task completed. Closed 0 election/s.
07-Jan-25 16:00:06 - Found 0 expiring memberships
07-Jan-25 16:00:06 - Task completed. Sent 0 notifications.
08-Jan-25 16:00:06 - Found 0 closing election/s
08-Jan-25 16:00:06 - Task completed. Closed 0 election/s.
08-Jan-25 16:00:06 - Found 1 expiring memberships
08-Jan-25 16:00:10 - Task completed. Sent 1 notifications.
09-Jan-25 16:00:04 - Found 1 closing election/s
09-Jan-25 16:00:04 - Found 0 expiring memberships
09-Jan-25 16:00:04 - Task completed. Sent 0 notifications.
09-Jan-25 16:00:04 - Task completed. Closed 1 election/s.
10-Jan-25 16:00:04 - Found 0 closing election/s
10-Jan-25 16:00:04 - Task completed. Closed 0 election/s.
10-Jan-25 16:00:04 - Found 2 expiring memberships
10-Jan-25 16:00:25 - Task completed. Sent 2 notifications.
11-Jan-25 16:00:03 - Found 0 closing election/s
11-Jan-25 16:00:03 - Task completed. Closed 0 election/s.
11-Jan-25 16:00:03 - Found 1 expiring memberships
11-Jan-25 16:00:09 - Task completed. Sent 1 notifications.
12-Jan-25 16:00:03 - Found 0 closing election/s
12-Jan-25 16:00:03 - Task completed. Closed 0 election/s.
12-Jan-25 16:00:03 - Found 2 expiring memberships
12-Jan-25 16:00:13 - Task completed. Sent 2 notifications.
13-Jan-25 16:00:03 - Found 0 closing election/s
13-Jan-25 16:00:03 - Task completed. Closed 0 election/s.
13-Jan-25 16:00:03 - Found 1 expiring memberships
13-Jan-25 16:00:07 - Task completed. Sent 1 notifications.
14-Jan-25 16:00:04 - Found 0 closing election/s
14-Jan-25 16:00:04 - Task completed. Closed 0 election/s.
14-Jan-25 16:00:04 - Found 0 expiring memberships
14-Jan-25 16:00:04 - Task completed. Sent 0 notifications.
15-Jan-25 16:00:05 - Found 0 closing election/s
15-Jan-25 16:00:05 - Task completed. Closed 0 election/s.
15-Jan-25 16:00:05 - Found 2 expiring memberships
15-Jan-25 16:00:13 - Task completed. Sent 2 notifications.
16-Jan-25 16:00:05 - Found 0 closing election/s
16-Jan-25 16:00:05 - Task completed. Closed 0 election/s.
16-Jan-25 16:00:05 - Found 1 expiring memberships
16-Jan-25 16:00:09 - Task completed. Sent 1 notifications.
17-Jan-25 16:00:04 - Found 0 closing election/s
17-Jan-25 16:00:04 - Task completed. Closed 0 election/s.
17-Jan-25 16:00:04 - Found 1 expiring memberships
17-Jan-25 16:00:08 - Task completed. Sent 1 notifications.
18-Jan-25 16:00:03 - Found 0 closing election/s
18-Jan-25 16:00:03 - Task completed. Closed 0 election/s.
18-Jan-25 16:00:04 - Found 1 expiring memberships
18-Jan-25 16:00:09 - Task completed. Sent 1 notifications.
19-Jan-25 16:00:04 - Found 0 closing election/s
19-Jan-25 16:00:04 - Task completed. Closed 0 election/s.
19-Jan-25 16:00:04 - Found 2 expiring memberships
19-Jan-25 16:00:13 - Task completed. Sent 2 notifications.
20-Jan-25 16:00:03 - Found 0 closing election/s
20-Jan-25 16:00:03 - Task completed. Closed 0 election/s.
20-Jan-25 16:00:03 - Found 2 expiring memberships
20-Jan-25 16:00:11 - Task completed. Sent 2 notifications.
21-Jan-25 16:00:06 - Found 0 closing election/s
21-Jan-25 16:00:06 - Task completed. Closed 0 election/s.
21-Jan-25 16:00:06 - Found 1 expiring memberships
21-Jan-25 16:00:10 - Task completed. Sent 1 notifications.
22-Jan-25 16:00:03 - Found 0 closing election/s
22-Jan-25 16:00:03 - Task completed. Closed 0 election/s.
22-Jan-25 16:00:03 - Found 0 expiring memberships
22-Jan-25 16:00:03 - Task completed. Sent 0 notifications.
23-Jan-25 16:00:06 - Found 0 closing election/s
23-Jan-25 16:00:06 - Task completed. Closed 0 election/s.
23-Jan-25 16:00:06 - Found 3 expiring memberships
23-Jan-25 16:00:20 - Task completed. Sent 3 notifications.
24-Jan-25 16:00:06 - Found 0 closing election/s
24-Jan-25 16:00:06 - Task completed. Closed 0 election/s.
24-Jan-25 16:00:06 - Found 0 expiring memberships
24-Jan-25 16:00:06 - Task completed. Sent 0 notifications.
25-Jan-25 16:00:09 - Found 0 closing election/s
25-Jan-25 16:00:09 - Task completed. Closed 0 election/s.
25-Jan-25 16:00:09 - Found 3 expiring memberships
25-Jan-25 16:00:21 - Task completed. Sent 3 notifications.
26-Jan-25 16:00:03 - Found 0 closing election/s
26-Jan-25 16:00:03 - Task completed. Closed 0 election/s.
26-Jan-25 16:00:03 - Found 1 expiring memberships
26-Jan-25 16:00:07 - Task completed. Sent 1 notifications.
27-Jan-25 16:00:05 - Found 0 closing election/s
27-Jan-25 16:00:05 - Task completed. Closed 0 election/s.
27-Jan-25 16:00:05 - Found 0 expiring memberships
27-Jan-25 16:00:05 - Task completed. Sent 0 notifications.
28-Jan-25 16:00:07 - Found 0 closing election/s
28-Jan-25 16:00:07 - Task completed. Closed 0 election/s.
28-Jan-25 16:00:07 - Found 2 expiring memberships
28-Jan-25 16:00:14 - Task completed. Sent 2 notifications.
29-Jan-25 16:00:06 - Found 0 closing election/s
29-Jan-25 16:00:06 - Task completed. Closed 0 election/s.
29-Jan-25 16:00:06 - Found 1 expiring memberships
29-Jan-25 16:00:10 - Task completed. Sent 1 notifications.
30-Jan-25 16:00:07 - Found 0 closing election/s
30-Jan-25 16:00:07 - Task completed. Closed 0 election/s.
30-Jan-25 16:00:07 - Found 1 expiring memberships
30-Jan-25 16:00:12 - Task completed. Sent 1 notifications.
31-Jan-25 16:00:05 - Found 0 closing election/s
31-Jan-25 16:00:05 - Task completed. Closed 0 election/s.
31-Jan-25 16:00:05 - Found 1 expiring memberships
31-Jan-25 16:00:09 - Task completed. Sent 1 notifications.
01-Feb-25 16:00:04 - Found 0 closing election/s
01-Feb-25 16:00:04 - Task completed. Closed 0 election/s.
01-Feb-25 16:00:04 - Found 1 expiring memberships
01-Feb-25 16:00:09 - Task completed. Sent 1 notifications.
02-Feb-25 16:00:05 - Found 0 closing election/s
02-Feb-25 16:00:05 - Task completed. Closed 0 election/s.
02-Feb-25 16:00:05 - Found 2 expiring memberships
02-Feb-25 16:00:14 - Task completed. Sent 2 notifications.
03-Feb-25 16:00:06 - Found 0 closing election/s
03-Feb-25 16:00:06 - Task completed. Closed 0 election/s.
03-Feb-25 16:00:06 - Found 4 expiring memberships
03-Feb-25 16:00:21 - Task completed. Sent 4 notifications.
04-Feb-25 16:00:05 - Found 0 closing election/s
04-Feb-25 16:00:05 - Task completed. Closed 0 election/s.
04-Feb-25 16:00:05 - Found 1 expiring memberships
04-Feb-25 16:00:09 - Task completed. Sent 1 notifications.
05-Feb-25 16:00:04 - Found 0 closing election/s
05-Feb-25 16:00:04 - Task completed. Closed 0 election/s.
05-Feb-25 16:00:04 - Found 1 expiring memberships
05-Feb-25 16:00:08 - Task completed. Sent 1 notifications.
06-Feb-25 16:00:04 - Found 0 closing election/s
06-Feb-25 16:00:04 - Task completed. Closed 0 election/s.
06-Feb-25 16:00:04 - Found 2 expiring memberships
06-Feb-25 16:00:12 - Task completed. Sent 2 notifications.
07-Feb-25 16:00:04 - Found 0 closing election/s
07-Feb-25 16:00:04 - Task completed. Closed 0 election/s.
07-Feb-25 16:00:05 - Found 4 expiring memberships
07-Feb-25 16:00:20 - Task completed. Sent 4 notifications.
08-Feb-25 16:00:04 - Found 0 closing election/s
08-Feb-25 16:00:04 - Task completed. Closed 0 election/s.
08-Feb-25 16:00:04 - Found 1 expiring memberships
08-Feb-25 16:00:08 - Task completed. Sent 1 notifications.
09-Feb-25 16:00:03 - Found 0 closing election/s
09-Feb-25 16:00:03 - Task completed. Closed 0 election/s.
09-Feb-25 16:00:03 - Found 2 expiring memberships
09-Feb-25 16:00:11 - Task completed. Sent 2 notifications.
10-Feb-25 16:00:04 - Found 0 closing election/s
10-Feb-25 16:00:04 - Task completed. Closed 0 election/s.
10-Feb-25 16:00:04 - Found 2 expiring memberships
10-Feb-25 16:00:12 - Task completed. Sent 2 notifications.
11-Feb-25 16:00:04 - Found 0 closing election/s
11-Feb-25 16:00:04 - Task completed. Closed 0 election/s.
11-Feb-25 16:00:04 - Found 2 expiring memberships
11-Feb-25 16:00:11 - Task completed. Sent 2 notifications.
12-Feb-25 16:00:06 - Found 1 expiring memberships
12-Feb-25 16:00:06 - Found 0 closing election/s
12-Feb-25 16:00:06 - Task completed. Closed 0 election/s.
12-Feb-25 16:00:10 - Task completed. Sent 1 notifications.
13-Feb-25 16:00:06 - Found 0 closing election/s
13-Feb-25 16:00:06 - Task completed. Closed 0 election/s.
13-Feb-25 16:00:06 - Found 0 expiring memberships
13-Feb-25 16:00:06 - Task completed. Sent 0 notifications.
14-Feb-25 16:00:03 - Found 0 closing election/s
14-Feb-25 16:00:03 - Task completed. Closed 0 election/s.
14-Feb-25 16:00:04 - Found 0 expiring memberships
14-Feb-25 16:00:04 - Task completed. Sent 0 notifications.
15-Feb-25 16:00:05 - Found 0 closing election/s
15-Feb-25 16:00:05 - Task completed. Closed 0 election/s.
15-Feb-25 16:00:05 - Found 0 expiring memberships
15-Feb-25 16:00:05 - Task completed. Sent 0 notifications.
16-Feb-25 16:00:06 - Found 0 closing election/s
16-Feb-25 16:00:06 - Task completed. Closed 0 election/s.
16-Feb-25 16:00:06 - Found 0 expiring memberships
16-Feb-25 16:00:06 - Task completed. Sent 0 notifications.
17-Feb-25 16:00:06 - Found 0 closing election/s
17-Feb-25 16:00:06 - Task completed. Closed 0 election/s.
17-Feb-25 16:00:06 - Found 3 expiring memberships
17-Feb-25 16:00:18 - Task completed. Sent 3 notifications.
18-Feb-25 16:00:04 - Found 0 closing election/s
18-Feb-25 16:00:04 - Task completed. Closed 0 election/s.
18-Feb-25 16:00:05 - Found 3 expiring memberships
18-Feb-25 16:00:17 - Task completed. Sent 3 notifications.
19-Feb-25 16:00:05 - Found 0 closing election/s
19-Feb-25 16:00:05 - Task completed. Closed 0 election/s.
19-Feb-25 16:00:05 - Found 2 expiring memberships
19-Feb-25 16:00:14 - Task completed. Sent 2 notifications.
20-Feb-25 16:00:06 - Found 0 closing election/s
20-Feb-25 16:00:06 - Task completed. Closed 0 election/s.
20-Feb-25 16:00:06 - Found 0 expiring memberships
20-Feb-25 16:00:06 - Task completed. Sent 0 notifications.
21-Feb-25 16:00:06 - Found 0 closing election/s
21-Feb-25 16:00:06 - Task completed. Closed 0 election/s.
21-Feb-25 16:00:06 - Found 3 expiring memberships
21-Feb-25 16:00:17 - Task completed. Sent 3 notifications.
22-Feb-25 16:00:06 - Found 0 closing election/s
22-Feb-25 16:00:06 - Task completed. Closed 0 election/s.
22-Feb-25 16:00:06 - Found 2 expiring memberships
22-Feb-25 16:00:14 - Task completed. Sent 2 notifications.
23-Feb-25 16:00:04 - Found 0 closing election/s
23-Feb-25 16:00:04 - Task completed. Closed 0 election/s.
23-Feb-25 16:00:04 - Found 3 expiring memberships
23-Feb-25 16:00:16 - Task completed. Sent 3 notifications.
24-Feb-25 16:00:04 - Found 0 closing election/s
24-Feb-25 16:00:04 - Task completed. Closed 0 election/s.
24-Feb-25 16:00:04 - Found 0 expiring memberships
24-Feb-25 16:00:04 - Task completed. Sent 0 notifications.
25-Feb-25 16:00:05 - Found 0 closing election/s
25-Feb-25 16:00:05 - Task completed. Closed 0 election/s.
25-Feb-25 16:00:05 - Found 2 expiring memberships
25-Feb-25 16:00:15 - Task completed. Sent 2 notifications.
26-Feb-25 16:00:06 - Found 0 closing election/s
26-Feb-25 16:00:06 - Task completed. Closed 0 election/s.
26-Feb-25 16:00:06 - Found 3 expiring memberships
26-Feb-25 16:00:18 - Task completed. Sent 3 notifications.
27-Feb-25 16:00:08 - Found 0 closing election/s
27-Feb-25 16:00:08 - Task completed. Closed 0 election/s.
27-Feb-25 16:00:08 - Found 0 expiring memberships
27-Feb-25 16:00:08 - Task completed. Sent 0 notifications.
28-Feb-25 16:00:06 - Found 0 closing election/s
28-Feb-25 16:00:06 - Task completed. Closed 0 election/s.
28-Feb-25 16:00:06 - Found 0 expiring memberships
28-Feb-25 16:00:06 - Task completed. Sent 0 notifications.
01-Mar-25 16:00:05 - Found 0 closing election/s
01-Mar-25 16:00:05 - Task completed. Closed 0 election/s.
01-Mar-25 16:00:05 - Found 0 expiring memberships
01-Mar-25 16:00:05 - Task completed. Sent 0 notifications.
02-Mar-25 16:00:04 - Found 0 closing election/s
02-Mar-25 16:00:04 - Task completed. Closed 0 election/s.
02-Mar-25 16:00:04 - Found 0 expiring memberships
02-Mar-25 16:00:04 - Task completed. Sent 0 notifications.
03-Mar-25 16:00:04 - Found 0 closing election/s
03-Mar-25 16:00:04 - Task completed. Closed 0 election/s.
03-Mar-25 16:00:04 - Found 1 expiring memberships
03-Mar-25 16:00:07 - Task completed. Sent 1 notifications.
04-Mar-25 16:00:06 - Found 0 closing election/s
04-Mar-25 16:00:06 - Task completed. Closed 0 election/s.
04-Mar-25 16:00:06 - Found 4 expiring memberships
04-Mar-25 16:00:24 - Task completed. Sent 4 notifications.
05-Mar-25 16:00:05 - Found 0 closing election/s
05-Mar-25 16:00:06 - Task completed. Closed 0 election/s.
05-Mar-25 16:00:06 - Found 1 expiring memberships
05-Mar-25 16:00:14 - Task completed. Sent 1 notifications.
